9:22:30 ## INFO : PongOut server started!
9:22:43 ## INFO : New connection established
9:22:43 ## ERROR : The operation completed successfully
9:23:59 ## INFO : PongOut server started!
9:24:4 ## INFO : New connection established
9:24:4 ## ERROR : The operation completed successfully
9:26:37 ## INFO : PongOut server started!
9:27:20 ## INFO : PongOut server started!
9:30:26 ## INFO : PongOut server started!
9:30:29 ## INFO : New connection established
9:30:29 ## ERROR : The operation completed successfully
9:30:32 ## ERROR : An existing connection was forcibly closed by the remote host
9:31:26 ## INFO : PongOut server started!
9:32:0 ## INFO : New connection established
9:32:0 ## ERROR : The operation completed successfully
9:33:25 ## INFO : PongOut server started!
9:33:49 ## INFO : New connection established
9:33:49 ## ERROR : The operation completed successfully
9:34:51 ## INFO : PongOut server started!
9:34:59 ## INFO : New connection established
9:34:59 ## ERROR : The operation completed successfully
9:35:11 ## ERROR : An existing connection was forcibly closed by the remote host
12:38:59 ## INFO : PongOut server started!
12:39:24 ## INFO : PongOut server started!
12:39:27 ## INFO : New connection established
12:39:27 ## ERROR : The operation completed successfully
12:50:33 ## INFO : PongOut server started!
12:50:36 ## INFO : New connection established
12:50:36 ## ERROR : The operation completed successfully
12:50:55 ## INFO : PongOut server started!
12:50:58 ## INFO : New connection established
12:50:58 ## ERROR : The operation completed successfully
12:52:14 ## INFO : PongOut server started!
12:52:18 ## INFO : New connection established
12:52:18 ## ERROR : The operation completed successfully
12:52:44 ## INFO : PongOut server started!
12:52:58 ## INFO : New connection established
12:52:58 ## ERROR : The operation completed successfully
12:53:12 ## INFO : PongOut server started!
12:53:16 ## INFO : New connection established
12:53:16 ## ERROR : The operation completed successfully
12:55:20 ## INFO : PongOut server started!
12:55:23 ## INFO : New connection established
12:55:23 ## ERROR : The operation completed successfully
12:55:29 ## INFO : Username: a Logged in
12:55:29 ## ERROR : The operation completed successfully
12:59:9 ## INFO : PongOut server started!
12:59:12 ## INFO : New connection established
12:59:12 ## ERROR : The operation completed successfully
