9:52:51 ## INFO : PongOut server started!
9:54:56 ## INFO : PongOut server started!
9:55:2 ## INFO : PongOut server started!
10:1:8 ## INFO : PongOut server started!
10:1:9 ## INFO : SQLManager output: 10
10:20:43 ## INFO : PongOut server started!
10:20:44 ## INFO : SQLManager output: 1
10:44:44 ## INFO : PongOut server started!
10:44:45 ## INFO : SQLManager output: 0
12:28:48 ## INFO : PongOut server started!
12:28:48 ## INFO : SQLManager output: 4
12:28:49 ## INFO : SQLManager output: 5
12:28:50 ## INFO : SQLManager output: 10
12:33:0 ## INFO : PongOut server started!
12:33:0 ## INFO : PongOut server started!
12:33:0 ## INFO : PongOut server started!
12:33:0 ## INFO : PongOut server started!
12:37:34 ## INFO : PongOut server started!
12:37:34 ## INFO : SQLManager output: 4
12:37:35 ## INFO : SQLManager output: 5
12:37:36 ## INFO : SQLManager output: 10
12:39:9 ## INFO : PongOut server started!
12:39:9 ## INFO : SQLManager output: 4
12:39:9 ## INFO : SQLManager output: 5
12:39:9 ## INFO : SQLManager output: 10
13:44:21 ## INFO : PongOut server started!
13:48:36 ## INFO : PongOut server started!
13:48:45 ## INFO : New user connected
13:48:45 ## ERROR : ived unregistered packet: 
13:50:59 ## INFO : PongOut server started!
13:51:11 ## INFO : New user connected
13:51:29 ## INFO : User created with userID: 16
14:49:13 ## INFO : PongOut server started!
14:50:38 ## INFO : PongOut server started!
14:50:54 ## INFO : New connection established
14:51:11 ## INFO : User created with userID: 7
15:9:21 ## INFO : PongOut server started!
15:9:29 ## INFO : New connection established
15:9:29 ## INFO : Username: a Logged in
15:47:28 ## INFO : PongOut server started!
15:47:35 ## INFO : New connection established
15:47:36 ## INFO : a failed to login!
15:47:36 ## ERROR : The operation completed successfully
15:54:8 ## INFO : PongOut server started!
15:54:12 ## INFO : New connection established
15:54:20 ## INFO : Username: a Logged in
15:54:20 ## ERROR : The operation completed successfully
16:13:26 ## INFO : PongOut server started!
16:13:29 ## INFO : New connection established
16:13:35 ## INFO : Username: a Logged in
16:13:35 ## ERROR : The operation completed successfully
16:14:53 ## INFO : PongOut server started!
16:15:1 ## INFO : New connection established
16:15:4 ## INFO : Username: a Logged in
16:15:4 ## ERROR : The operation completed successfully
16:15:12 ## INFO : UserID: 7 has disconnected!
16:16:17 ## INFO : PongOut server started!
16:16:20 ## INFO : New connection established
16:16:25 ## INFO : Username: a Logged in
16:16:25 ## ERROR : The operation completed successfully
16:17:20 ## INFO : UserID: 7 has disconnected!
16:18:13 ## INFO : PongOut server started!
16:18:18 ## INFO : New connection established
16:18:22 ## INFO : Username: a Logged in
16:18:22 ## ERROR : The operation completed successfully
16:18:33 ## INFO : UserID: 7 has disconnected!
16:20:0 ## INFO : PongOut server started!
16:20:4 ## INFO : New connection established
16:20:8 ## INFO : Username: a Logged in
16:20:8 ## ERROR : The operation completed successfully
16:20:16 ## INFO : UserID: 7 has disconnected!
16:22:7 ## INFO : PongOut server started!
16:22:14 ## INFO : New connection established
16:22:18 ## INFO : Username: a Logged in
16:22:18 ## ERROR : The operation completed successfully
16:22:25 ## INFO : UserID: 7 has disconnected!
16:26:19 ## INFO : PongOut server started!
16:26:26 ## INFO : New connection established
16:26:30 ## INFO : Username: a Logged in
16:26:30 ## ERROR : The operation completed successfully
16:26:34 ## INFO : UserID: 7 has disconnected!
16:27:58 ## INFO : PongOut server started!
16:28:3 ## INFO : New connection established
16:28:7 ## INFO : Username: a Logged in
16:28:7 ## ERROR : The operation completed successfully
16:28:11 ## INFO : UserID: 7 has disconnected!
16:29:12 ## INFO : PongOut server started!
16:29:16 ## INFO : New connection established
16:29:19 ## INFO : Username: a Logged in
16:29:19 ## ERROR : The operation completed successfully
16:29:22 ## INFO : UserID: 7 has disconnected!
16:31:34 ## INFO : PongOut server started!
16:31:44 ## INFO : New connection established
16:31:47 ## INFO : Username: a Logged in
16:31:47 ## ERROR : The operation completed successfully
16:31:50 ## INFO : UserID: 7 has disconnected!
16:38:2 ## INFO : PongOut server started!
16:38:23 ## INFO : New connection established
16:38:29 ## INFO : Username: a Logged in
16:38:29 ## ERROR : The operation completed successfully
16:38:33 ## INFO : UserID: 7 has disconnected!
16:46:9 ## INFO : PongOut server started!
16:46:15 ## INFO : New connection established
16:46:26 ## INFO : Username: a Logged in
16:46:26 ## ERROR : The operation completed successfully
16:50:11 ## INFO : UserID: 7 has disconnected!
16:51:46 ## INFO : PongOut server started!
16:51:51 ## INFO : New connection established
16:51:57 ## INFO : Username: a Logged in
16:51:57 ## ERROR : The operation completed successfully
16:52:7 ## INFO : UserID: 7 has disconnected!
17:2:29 ## INFO : PongOut server started!
17:2:34 ## INFO : New connection established
17:2:45 ## INFO : Username: a Logged in
17:2:45 ## ERROR : The operation completed successfully
17:2:48 ## INFO : UserID: 7 has disconnected!
17:4:18 ## INFO : New connection established
17:25:58 ## INFO : PongOut server started!
17:26:16 ## INFO : New connection established
17:26:34 ## INFO : Username: a Logged in
17:26:34 ## ERROR : The operation completed successfully
17:31:4 ## INFO : UserID: 7 has disconnected!
17:31:25 ## INFO : New connection established
17:33:32 ## INFO : PongOut server started!
17:33:43 ## INFO : New connection established
17:33:54 ## INFO : Username: a Logged in
17:33:54 ## ERROR : The operation completed successfully
17:34:57 ## INFO : UserID: 7 has disconnected!
17:35:13 ## INFO : New connection established
17:36:13 ## INFO : PongOut server started!
17:36:19 ## INFO : New connection established
17:36:27 ## INFO : Username: a Logged in
17:36:27 ## ERROR : The operation completed successfully
17:36:33 ## INFO : UserID: 7 has disconnected!
17:36:42 ## INFO : New connection established
17:37:46 ## INFO : PongOut server started!
17:40:4 ## INFO : PongOut server started!
18:0:22 ## INFO : PongOut server started!
18:0:51 ## INFO : PongOut server started!
18:1:1 ## INFO : New connection established
18:1:13 ## INFO : Username: a Logged in
18:1:13 ## ERROR : The operation completed successfully
18:1:29 ## INFO : UserID: 7 has disconnected!
18:1:34 ## INFO : New connection established
18:2:15 ## INFO : Username: Sebastian Logged in
18:2:15 ## ERROR : The operation completed successfully
18:6:8 ## INFO : PongOut server started!
18:6:11 ## INFO : New connection established
18:6:21 ## INFO : Username: Sebastian Logged in
18:6:21 ## ERROR : The operation completed successfully
18:14:9 ## INFO : PongOut server started!
18:14:15 ## INFO : New connection established
18:20:2 ## INFO : PongOut server started!
18:20:39 ## INFO : New connection established
18:21:34 ## INFO : PongOut server started!
18:21:37 ## INFO : New connection established
18:24:6 ## INFO : PongOut server started!
18:24:8 ## INFO : New connection established
18:26:58 ## INFO : PongOut server started!
18:27:0 ## INFO : New connection established
