11:32:2 ## INFO : PongOut server started!
11:32:7 ## INFO : New connection established
11:32:7 ## ERROR : The operation completed successfully
11:32:13 ## INFO : New connection established
11:32:13 ## ERROR : The operation completed successfully
11:32:17 ## INFO : Username: a Logged in
11:32:17 ## ERROR : The operation completed successfully
11:32:25 ## INFO : Username: b Logged in
11:32:25 ## ERROR : The operation completed successfully
11:33:14 ## ERROR : The operation completed successfully
11:33:14 ## ERROR : The operation completed successfully
11:40:44 ## INFO : PongOut server started!
11:40:47 ## INFO : New connection established
11:40:47 ## ERROR : The operation completed successfully
11:40:59 ## INFO : New connection established
11:40:59 ## ERROR : The operation completed successfully
11:41:4 ## INFO : Username: a Logged in
11:41:4 ## ERROR : The operation completed successfully
11:41:8 ## INFO : Username: b Logged in
11:41:8 ## ERROR : The operation completed successfully
11:41:16 ## ERROR : The operation completed successfully
11:41:16 ## ERROR : The operation completed successfully
11:42:40 ## INFO : PongOut server started!
11:42:49 ## INFO : New connection established
11:42:49 ## ERROR : The operation completed successfully
11:42:54 ## INFO : Username: a Logged in
11:42:54 ## ERROR : The operation completed successfully
11:42:56 ## INFO : New connection established
11:42:56 ## ERROR : The operation completed successfully
11:43:0 ## INFO : Username: b Logged in
11:43:0 ## ERROR : The operation completed successfully
11:44:16 ## ERROR : The operation completed successfully
11:44:16 ## ERROR : The operation completed successfully
11:46:54 ## ERROR : The operation completed successfully
11:46:54 ## ERROR : The operation completed successfully
11:47:20 ## INFO : PongOut server started!
11:47:40 ## INFO : New connection established
11:47:40 ## ERROR : The operation completed successfully
11:47:43 ## INFO : New connection established
11:47:43 ## ERROR : The operation completed successfully
11:47:48 ## INFO : Username: a Logged in
11:47:48 ## ERROR : The operation completed successfully
11:47:53 ## INFO : Username: b Logged in
11:47:53 ## ERROR : The operation completed successfully
11:52:56 ## INFO : PongOut server started!
11:54:7 ## INFO : New connection established
11:54:7 ## ERROR : The operation completed successfully
11:54:13 ## INFO : Username: a Logged in
11:54:13 ## ERROR : The operation completed successfully
11:54:17 ## INFO : New connection established
11:54:17 ## ERROR : The operation completed successfully
11:54:22 ## INFO : Username: b Logged in
11:54:22 ## ERROR : The operation completed successfully
11:59:33 ## INFO : PongOut server started!
11:59:47 ## INFO : New connection established
11:59:47 ## ERROR : The operation completed successfully
11:59:50 ## INFO : New connection established
11:59:50 ## ERROR : The operation completed successfully
11:59:55 ## INFO : Username: a Logged in
11:59:55 ## ERROR : The operation completed successfully
11:59:59 ## INFO : Username: b Logged in
11:59:59 ## ERROR : The operation completed successfully
12:0:13 ## ERROR : The operation completed successfully
12:0:13 ## ERROR : The operation completed successfully
12:2:6 ## INFO : PongOut server started!
12:2:59 ## INFO : PongOut server started!
12:2:59 ## INFO : New connection established
12:2:59 ## ERROR : The operation completed successfully
12:3:9 ## INFO : New connection established
12:3:9 ## ERROR : The operation completed successfully
12:3:16 ## INFO : Username: a Logged in
12:3:16 ## ERROR : The operation completed successfully
12:3:20 ## INFO : Username: b Logged in
12:3:20 ## ERROR : The operation completed successfully
12:3:27 ## ERROR : The operation completed successfully
12:3:27 ## ERROR : The operation completed successfully
12:5:7 ## INFO : PongOut server started!
12:5:7 ## INFO : New connection established
12:5:7 ## ERROR : The operation completed successfully
12:5:13 ## INFO : New connection established
12:5:13 ## ERROR : The operation completed successfully
12:5:18 ## INFO : Username: a Logged in
12:5:18 ## ERROR : The operation completed successfully
12:5:23 ## INFO : Username: b Logged in
12:5:23 ## ERROR : The operation completed successfully
12:5:35 ## ERROR : The operation completed successfully
12:5:35 ## ERROR : The operation completed successfully
